<?xml version="1.0" encoding="UTF-8"?>
<!-- Generated by org.testng.reporters.JUnitReportReporter -->
<testsuite skipped="0" hostname="DESKTOP-5TGLKVE" name="Tests.AddNewIncident" tests="1" failures="0" timestamp="11 May 2020 05:59:39 GMT" time="59.680" errors="0">
  <testcase name="AddingNewIncident" time="59.680" classname="Tests.AddNewIncident"/>
</testsuite> <!-- Tests.AddNewIncident -->
