<?xml version="1.0" encoding="UTF-8"?>
<!-- Generated by org.testng.reporters.JUnitReportReporter -->
<testsuite skipped="0" hostname="DESKTOP-5TGLKVE" name="Tests.AddNewIncident" tests="1" failures="0" timestamp="10 May 2020 16:27:43 GMT" time="58.338" errors="0">
  <testcase name="AddingNewIncident" time="58.338" classname="Tests.AddNewIncident"/>
</testsuite> <!-- Tests.AddNewIncident -->
