<?xml version="1.0" encoding="UTF-8"?>
<!-- Generated by org.testng.reporters.JUnitReportReporter -->
<testsuite skipped="0" hostname="DESKTOP-5TGLKVE" name="Tests.DummyTest" tests="1" failures="0" timestamp="10 May 2020 15:04:57 GMT" time="89.449" errors="0">
  <testcase name="AddingNewIncident" time="89.449" classname="Tests.DummyTest"/>
</testsuite> <!-- Tests.DummyTest -->
