<?xml version="1.0" encoding="UTF-8"?>
<!-- Generated by org.testng.reporters.JUnitReportReporter -->
<testsuite skipped="0" hostname="DESKTOP-5TGLKVE" name="Tests.AddNewIncident" tests="1" failures="0" timestamp="11 May 2020 03:27:37 GMT" time="60.998" errors="0">
  <testcase name="AddingNewIncident" time="60.998" classname="Tests.AddNewIncident"/>
</testsuite> <!-- Tests.AddNewIncident -->
