<?xml version="1.0" encoding="UTF-8"?>
<!-- Generated by org.testng.reporters.JUnitReportReporter -->
<testsuite skipped="2" hostname="Tanuj-Sharma-565-MPR00154.local" name="Tests.UserManagementTests" tests="3" failures="0" timestamp="05 Dec 2018 07:21:59 GMT" time="27.227" errors="0">
  <testcase name="DeActiveUsers_Filterlisting" time="27.227" classname="Tests.UserManagementTests"/>
  <testcase name="Company_Approval_Customeruser" classname="Tests.UserManagementTests">
    <skipped/>
  </testcase> <!-- Company_Approval_Customeruser -->
  <testcase name="Company_Reject_Customeruser" classname="Tests.UserManagementTests">
    <skipped/>
  </testcase> <!-- Company_Reject_Customeruser -->
</testsuite> <!-- Tests.UserManagementTests -->
