<?xml version="1.0" encoding="UTF-8"?>
<!-- Generated by org.testng.reporters.JUnitReportReporter -->
<testsuite skipped="0" hostname="Tanuj-Sharma-565-MPR00154.local" name="Tests.UserManagementTestsBackup" tests="1" failures="0" timestamp="05 Dec 2018 13:57:57 GMT" time="52.867" errors="0">
  <testcase name="rd" time="52.867" classname="Tests.UserManagementTestsBackup"/>
</testsuite> <!-- Tests.UserManagementTestsBackup -->
